[2022-12-05 09:18:07,696] WARN Session 0x1001343cc410005 for sever localhost/127.0.0.1:2181, Closing socket connection. Attempting reconnect except it is a SessionExpiredException. (org.apache.zookeeper.ClientCnxn)
EndOfStreamException: Unable to read additional data from server sessionid 0x1001343cc410005, likely server has closed socket
	at org.apache.zookeeper.ClientCnxnSocketNIO.doIO(ClientCnxnSocketNIO.java:77)
	at org.apache.zookeeper.ClientCnxnSocketNIO.doTransport(ClientCnxnSocketNIO.java:350)
	at org.apache.zookeeper.ClientCnxn$SendThread.run(ClientCnxn.java:1290)
[2022-12-05 09:18:08,970] INFO Opening socket connection to server localhost/127.0.0.1:2181. (org.apache.zookeeper.ClientCnxn)
[2022-12-05 09:18:09,688] INFO Socket connection established, initiating session, client: /127.0.0.1:63535, server: localhost/127.0.0.1:2181 (org.apache.zookeeper.ClientCnxn)
[2022-12-05 09:18:10,319] WARN Unable to reconnect to ZooKeeper service, session 0x1001343cc410005 has expired (org.apache.zookeeper.ClientCnxn)
[2022-12-05 09:18:10,330] WARN Session 0x1001343cc410005 for sever localhost/127.0.0.1:2181, Closing socket connection. Attempting reconnect except it is a SessionExpiredException. (org.apache.zookeeper.ClientCnxn)
org.apache.zookeeper.ClientCnxn$SessionExpiredException: Unable to reconnect to ZooKeeper service, session 0x1001343cc410005 has expired
	at org.apache.zookeeper.ClientCnxn$SendThread.onConnected(ClientCnxn.java:1434)
	at org.apache.zookeeper.ClientCnxnSocket.readConnectResult(ClientCnxnSocket.java:154)
	at org.apache.zookeeper.ClientCnxnSocketNIO.doIO(ClientCnxnSocketNIO.java:86)
	at org.apache.zookeeper.ClientCnxnSocketNIO.doTransport(ClientCnxnSocketNIO.java:350)
	at org.apache.zookeeper.ClientCnxn$SendThread.run(ClientCnxn.java:1290)
[2022-12-05 09:18:10,360] INFO [ZooKeeperClient Kafka server] Session expired. (kafka.zookeeper.ZooKeeperClient)
[2022-12-05 09:18:10,348] INFO EventThread shut down for session: 0x1001343cc410005 (org.apache.zookeeper.ClientCnxn)
[2022-12-05 09:18:10,643] INFO [ZooKeeperClient Kafka server] Initializing a new session to localhost:2181. (kafka.zookeeper.ZooKeeperClient)
[2022-12-05 09:18:10,955] INFO Initiating client connection, connectString=localhost:2181 sessionTimeout=18000 watcher=kafka.zookeeper.ZooKeeperClient$ZooKeeperClientWatcher$@48b67364 (org.apache.zookeeper.ZooKeeper)
[2022-12-05 09:18:11,031] INFO jute.maxbuffer value is 4194304 Bytes (org.apache.zookeeper.ClientCnxnSocket)
[2022-12-05 09:18:11,086] INFO zookeeper.request.timeout value is 0. feature enabled=false (org.apache.zookeeper.ClientCnxn)
[2022-12-05 09:18:11,157] INFO Opening socket connection to server localhost/127.0.0.1:2181. (org.apache.zookeeper.ClientCnxn)
[2022-12-05 09:18:11,198] INFO Socket connection established, initiating session, client: /127.0.0.1:57652, server: localhost/127.0.0.1:2181 (org.apache.zookeeper.ClientCnxn)
[2022-12-05 09:18:11,168] INFO Creating /brokers/ids/0 (is it secure? false) (kafka.zk.KafkaZkClient)
[2022-12-05 09:18:11,425] INFO Session establishment complete on server localhost/127.0.0.1:2181, session id = 0x1001343cc410006, negotiated timeout = 18000 (org.apache.zookeeper.ClientCnxn)
[2022-12-05 09:18:11,534] INFO [MetadataCache brokerId=0] Updated cache from existing FinalizedFeaturesAndEpoch(features=Map(), epoch=0) to latest FinalizedFeaturesAndEpoch(features=Map(), epoch=0). (kafka.server.metadata.ZkMetadataCache)
[2022-12-05 09:18:11,553] INFO Stat of the created znode at /brokers/ids/0 is: 257,257,1670212091529,1670212091529,1,0,0,72078775948476422,234,0,257
 (kafka.zk.KafkaZkClient)
[2022-12-05 09:18:11,633] INFO Registered broker 0 at path /brokers/ids/0 with addresses: PLAINTEXT://AutoPilotTest.localdomain:9092, czxid (broker epoch): 257 (kafka.zk.KafkaZkClient)
[2022-12-05 09:54:15,157] INFO Terminating process due to signal SIGHUP (org.apache.kafka.common.utils.LoggingSignalHandler)
[2022-12-05 09:54:15,195] INFO [KafkaServer id=0] shutting down (kafka.server.KafkaServer)
[2022-12-05 09:54:15,214] INFO [KafkaServer id=0] Starting controlled shutdown (kafka.server.KafkaServer)
[2022-12-05 09:54:15,249] INFO [KafkaServer id=0] Controlled shutdown request returned successfully after 13ms (kafka.server.KafkaServer)
[2022-12-05 09:54:15,252] INFO [/config/changes-event-process-thread]: Shutting down (kafka.common.ZkNodeChangeNotificationListener$ChangeEventProcessThread)
[2022-12-05 09:54:15,256] INFO [/config/changes-event-process-thread]: Shutdown completed (kafka.common.ZkNodeChangeNotificationListener$ChangeEventProcessThread)
[2022-12-05 09:54:15,256] INFO [/config/changes-event-process-thread]: Stopped (kafka.common.ZkNodeChangeNotificationListener$ChangeEventProcessThread)
[2022-12-05 09:54:15,257] INFO [SocketServer listenerType=ZK_BROKER, nodeId=0] Stopping socket server request processors (kafka.network.SocketServer)
[2022-12-05 09:54:15,269] INFO [SocketServer listenerType=ZK_BROKER, nodeId=0] Stopped socket server request processors (kafka.network.SocketServer)
[2022-12-05 09:54:15,270] INFO [data-plane Kafka Request Handler on Broker 0], shutting down (kafka.server.KafkaRequestHandlerPool)
[2022-12-05 09:54:15,273] INFO [data-plane Kafka Request Handler on Broker 0], shut down completely (kafka.server.KafkaRequestHandlerPool)
[2022-12-05 09:54:15,277] INFO [ExpirationReaper-0-AlterAcls]: Shutting down (kafka.server.DelayedOperationPurgatory$ExpiredOperationReaper)
[2022-12-05 09:54:15,279] INFO [ExpirationReaper-0-AlterAcls]: Shutdown completed (kafka.server.DelayedOperationPurgatory$ExpiredOperationReaper)
[2022-12-05 09:54:15,279] INFO [ExpirationReaper-0-AlterAcls]: Stopped (kafka.server.DelayedOperationPurgatory$ExpiredOperationReaper)
[2022-12-05 09:54:15,280] INFO [KafkaApi-0] Shutdown complete. (kafka.server.KafkaApis)
[2022-12-05 09:54:15,281] INFO [ExpirationReaper-0-topic]: Shutting down (kafka.server.DelayedOperationPurgatory$ExpiredOperationReaper)
[2022-12-05 09:54:15,282] INFO [ExpirationReaper-0-topic]: Stopped (kafka.server.DelayedOperationPurgatory$ExpiredOperationReaper)
[2022-12-05 09:54:15,282] INFO [ExpirationReaper-0-topic]: Shutdown completed (kafka.server.DelayedOperationPurgatory$ExpiredOperationReaper)
[2022-12-05 09:54:15,285] INFO [TransactionCoordinator id=0] Shutting down. (kafka.coordinator.transaction.TransactionCoordinator)
[2022-12-05 09:54:15,286] INFO [Transaction State Manager 0]: Shutdown complete (kafka.coordinator.transaction.TransactionStateManager)
[2022-12-05 09:54:15,286] INFO [Transaction Marker Channel Manager 0]: Shutting down (kafka.coordinator.transaction.TransactionMarkerChannelManager)
[2022-12-05 09:54:15,286] INFO [Transaction Marker Channel Manager 0]: Shutdown completed (kafka.coordinator.transaction.TransactionMarkerChannelManager)
[2022-12-05 09:54:15,286] INFO [Transaction Marker Channel Manager 0]: Stopped (kafka.coordinator.transaction.TransactionMarkerChannelManager)
[2022-12-05 09:54:15,288] INFO [TransactionCoordinator id=0] Shutdown complete. (kafka.coordinator.transaction.TransactionCoordinator)
[2022-12-05 09:54:15,289] INFO [GroupCoordinator 0]: Shutting down. (kafka.coordinator.group.GroupCoordinator)
[2022-12-05 09:54:15,289] INFO [ExpirationReaper-0-Heartbeat]: Shutting down (kafka.server.DelayedOperationPurgatory$ExpiredOperationReaper)
[2022-12-05 09:54:15,290] INFO [ExpirationReaper-0-Heartbeat]: Stopped (kafka.server.DelayedOperationPurgatory$ExpiredOperationReaper)
[2022-12-05 09:54:15,290] INFO [ExpirationReaper-0-Heartbeat]: Shutdown completed (kafka.server.DelayedOperationPurgatory$ExpiredOperationReaper)
[2022-12-05 09:54:15,291] INFO [ExpirationReaper-0-Rebalance]: Shutting down (kafka.server.DelayedOperationPurgatory$ExpiredOperationReaper)
[2022-12-05 09:54:15,291] INFO [ExpirationReaper-0-Rebalance]: Stopped (kafka.server.DelayedOperationPurgatory$ExpiredOperationReaper)
[2022-12-05 09:54:15,291] INFO [ExpirationReaper-0-Rebalance]: Shutdown completed (kafka.server.DelayedOperationPurgatory$ExpiredOperationReaper)
[2022-12-05 09:54:15,292] INFO [GroupCoordinator 0]: Shutdown complete. (kafka.coordinator.group.GroupCoordinator)
[2022-12-05 09:54:15,293] INFO [ReplicaManager broker=0] Shutting down (kafka.server.ReplicaManager)
[2022-12-05 09:54:15,294] INFO [LogDirFailureHandler]: Shutting down (kafka.server.ReplicaManager$LogDirFailureHandler)
[2022-12-05 09:54:15,294] INFO [LogDirFailureHandler]: Shutdown completed (kafka.server.ReplicaManager$LogDirFailureHandler)
[2022-12-05 09:54:15,294] INFO [LogDirFailureHandler]: Stopped (kafka.server.ReplicaManager$LogDirFailureHandler)
[2022-12-05 09:54:15,295] INFO [ReplicaFetcherManager on broker 0] shutting down (kafka.server.ReplicaFetcherManager)
[2022-12-05 09:54:15,296] INFO [ReplicaFetcherManager on broker 0] shutdown completed (kafka.server.ReplicaFetcherManager)
[2022-12-05 09:54:15,297] INFO [ReplicaAlterLogDirsManager on broker 0] shutting down (kafka.server.ReplicaAlterLogDirsManager)
[2022-12-05 09:54:15,297] INFO [ReplicaAlterLogDirsManager on broker 0] shutdown completed (kafka.server.ReplicaAlterLogDirsManager)
[2022-12-05 09:54:15,298] INFO [ExpirationReaper-0-Fetch]: Shutting down (kafka.server.DelayedOperationPurgatory$ExpiredOperationReaper)
[2022-12-05 09:54:15,298] INFO [ExpirationReaper-0-Fetch]: Stopped (kafka.server.DelayedOperationPurgatory$ExpiredOperationReaper)
[2022-12-05 09:54:15,298] INFO [ExpirationReaper-0-Fetch]: Shutdown completed (kafka.server.DelayedOperationPurgatory$ExpiredOperationReaper)
[2022-12-05 09:54:15,299] INFO [ExpirationReaper-0-Produce]: Shutting down (kafka.server.DelayedOperationPurgatory$ExpiredOperationReaper)
[2022-12-05 09:54:15,300] INFO [ExpirationReaper-0-Produce]: Shutdown completed (kafka.server.DelayedOperationPurgatory$ExpiredOperationReaper)
[2022-12-05 09:54:15,300] INFO [ExpirationReaper-0-Produce]: Stopped (kafka.server.DelayedOperationPurgatory$ExpiredOperationReaper)
[2022-12-05 09:54:15,301] INFO [ExpirationReaper-0-DeleteRecords]: Shutting down (kafka.server.DelayedOperationPurgatory$ExpiredOperationReaper)
[2022-12-05 09:54:15,302] INFO [ExpirationReaper-0-DeleteRecords]: Stopped (kafka.server.DelayedOperationPurgatory$ExpiredOperationReaper)
[2022-12-05 09:54:15,302] INFO [ExpirationReaper-0-DeleteRecords]: Shutdown completed (kafka.server.DelayedOperationPurgatory$ExpiredOperationReaper)
[2022-12-05 09:54:15,303] INFO [ExpirationReaper-0-ElectLeader]: Shutting down (kafka.server.DelayedOperationPurgatory$ExpiredOperationReaper)
[2022-12-05 09:54:15,304] INFO [ExpirationReaper-0-ElectLeader]: Stopped (kafka.server.DelayedOperationPurgatory$ExpiredOperationReaper)
[2022-12-05 09:54:15,304] INFO [ExpirationReaper-0-ElectLeader]: Shutdown completed (kafka.server.DelayedOperationPurgatory$ExpiredOperationReaper)
[2022-12-05 09:54:15,313] INFO [ReplicaManager broker=0] Shut down completely (kafka.server.ReplicaManager)
[2022-12-05 09:54:15,313] INFO [BrokerToControllerChannelManager broker=0 name=alterPartition]: Shutting down (kafka.server.BrokerToControllerRequestThread)
[2022-12-05 09:54:15,314] INFO [BrokerToControllerChannelManager broker=0 name=alterPartition]: Stopped (kafka.server.BrokerToControllerRequestThread)
[2022-12-05 09:54:15,314] INFO [BrokerToControllerChannelManager broker=0 name=alterPartition]: Shutdown completed (kafka.server.BrokerToControllerRequestThread)
[2022-12-05 09:54:15,316] INFO Broker to controller channel manager for alterPartition shutdown (kafka.server.BrokerToControllerChannelManagerImpl)
[2022-12-05 09:54:15,316] INFO [BrokerToControllerChannelManager broker=0 name=forwarding]: Shutting down (kafka.server.BrokerToControllerRequestThread)
[2022-12-05 09:54:15,316] INFO [BrokerToControllerChannelManager broker=0 name=forwarding]: Shutdown completed (kafka.server.BrokerToControllerRequestThread)
[2022-12-05 09:54:15,316] INFO [BrokerToControllerChannelManager broker=0 name=forwarding]: Stopped (kafka.server.BrokerToControllerRequestThread)
[2022-12-05 09:54:15,317] INFO Broker to controller channel manager for forwarding shutdown (kafka.server.BrokerToControllerChannelManagerImpl)
[2022-12-05 09:54:15,318] INFO Shutting down. (kafka.log.LogManager)
[2022-12-05 09:54:15,373] WARN Invalid argument (kafka.utils.CoreUtils$)
java.io.IOException: Invalid argument
	at java.base/java.io.RandomAccessFile.setLength(Native Method)
	at kafka.log.AbstractIndex.$anonfun$resize$1(AbstractIndex.scala:189)
	at kafka.log.AbstractIndex.resize(AbstractIndex.scala:175)
	at kafka.log.AbstractIndex.$anonfun$trimToValidSize$1(AbstractIndex.scala:241)
	at kafka.log.AbstractIndex.trimToValidSize(AbstractIndex.scala:241)
	at kafka.log.AbstractIndex.close(AbstractIndex.scala:252)
	at kafka.log.LazyIndex$IndexValue.close(LazyIndex.scala:159)
	at kafka.log.LazyIndex.$anonfun$close$1(LazyIndex.scala:91)
	at kafka.log.LazyIndex.close(LazyIndex.scala:91)
	at kafka.log.LogSegment.$anonfun$close$2(LogSegment.scala:594)
	at kafka.utils.CoreUtils$.swallow(CoreUtils.scala:68)
	at kafka.log.LogSegment.close(LogSegment.scala:594)
	at kafka.log.LogSegments.$anonfun$close$1(LogSegments.scala:77)
	at kafka.log.LogSegments.$anonfun$close$1$adapted(LogSegments.scala:77)
	at scala.collection.IterableOnceOps.foreach(IterableOnce.scala:563)
	at scala.collection.IterableOnceOps.foreach$(IterableOnce.scala:561)
	at scala.collection.AbstractIterable.foreach(Iterable.scala:926)
	at kafka.log.LogSegments.close(LogSegments.scala:77)
	at kafka.log.LocalLog.$anonfun$close$2(LocalLog.scala:223)
	at kafka.log.LocalLog.close(LocalLog.scala:786)
	at kafka.log.UnifiedLog.close(UnifiedLog.scala:681)
	at kafka.log.LogManager.$anonfun$shutdown$8(LogManager.scala:594)
	at java.base/java.util.concurrent.Executors$RunnableAdapter.call(Executors.java:515)
	at java.base/java.util.concurrent.FutureTask.run(FutureTask.java:264)
	at java.base/java.util.concurrent.ThreadPoolExecutor.runWorker(ThreadPoolExecutor.java:1128)
	at java.base/java.util.concurrent.ThreadPoolExecutor$Worker.run(ThreadPoolExecutor.java:628)
	at java.base/java.lang.Thread.run(Thread.java:829)
[2022-12-05 09:54:15,383] WARN Invalid argument (kafka.utils.CoreUtils$)
java.io.IOException: Invalid argument
	at java.base/java.io.RandomAccessFile.setLength(Native Method)
	at kafka.log.AbstractIndex.$anonfun$resize$1(AbstractIndex.scala:189)
	at kafka.log.AbstractIndex.resize(AbstractIndex.scala:175)
	at kafka.log.TimeIndex.super$resize(TimeIndex.scala:191)
	at kafka.log.TimeIndex.$anonfun$resize$1(TimeIndex.scala:191)
	at kafka.log.TimeIndex.resize(TimeIndex.scala:191)
	at kafka.log.AbstractIndex.$anonfun$trimToValidSize$1(AbstractIndex.scala:241)
	at kafka.log.AbstractIndex.trimToValidSize(AbstractIndex.scala:241)
	at kafka.log.AbstractIndex.close(AbstractIndex.scala:252)
	at kafka.log.LazyIndex$IndexValue.close(LazyIndex.scala:159)
	at kafka.log.LazyIndex.$anonfun$close$1(LazyIndex.scala:91)
	at kafka.log.LazyIndex.close(LazyIndex.scala:91)
	at kafka.log.LogSegment.$anonfun$close$3(LogSegment.scala:595)
	at kafka.utils.CoreUtils$.swallow(CoreUtils.scala:68)
	at kafka.log.LogSegment.close(LogSegment.scala:595)
	at kafka.log.LogSegments.$anonfun$close$1(LogSegments.scala:77)
	at kafka.log.LogSegments.$anonfun$close$1$adapted(LogSegments.scala:77)
	at scala.collection.IterableOnceOps.foreach(IterableOnce.scala:563)
	at scala.collection.IterableOnceOps.foreach$(IterableOnce.scala:561)
	at scala.collection.AbstractIterable.foreach(Iterable.scala:926)
	at kafka.log.LogSegments.close(LogSegments.scala:77)
	at kafka.log.LocalLog.$anonfun$close$2(LocalLog.scala:223)
	at kafka.log.LocalLog.close(LocalLog.scala:786)
	at kafka.log.UnifiedLog.close(UnifiedLog.scala:681)
	at kafka.log.LogManager.$anonfun$shutdown$8(LogManager.scala:594)
	at java.base/java.util.concurrent.Executors$RunnableAdapter.call(Executors.java:515)
	at java.base/java.util.concurrent.FutureTask.run(FutureTask.java:264)
	at java.base/java.util.concurrent.ThreadPoolExecutor.runWorker(ThreadPoolExecutor.java:1128)
	at java.base/java.util.concurrent.ThreadPoolExecutor$Worker.run(ThreadPoolExecutor.java:628)
	at java.base/java.lang.Thread.run(Thread.java:829)
[2022-12-05 09:54:15,404] INFO [ProducerStateManager partition=__consumer_offsets-25] Wrote producer snapshot at offset 3 with 0 producer ids in 5 ms. (kafka.log.ProducerStateManager)
[2022-12-05 09:54:15,417] WARN Invalid argument (kafka.utils.CoreUtils$)
java.io.IOException: Invalid argument
	at java.base/java.io.RandomAccessFile.setLength(Native Method)
	at kafka.log.AbstractIndex.$anonfun$resize$1(AbstractIndex.scala:189)
	at kafka.log.AbstractIndex.resize(AbstractIndex.scala:175)
	at kafka.log.AbstractIndex.$anonfun$trimToValidSize$1(AbstractIndex.scala:241)
	at kafka.log.AbstractIndex.trimToValidSize(AbstractIndex.scala:241)
	at kafka.log.AbstractIndex.close(AbstractIndex.scala:252)
	at kafka.log.LazyIndex$IndexValue.close(LazyIndex.scala:159)
	at kafka.log.LazyIndex.$anonfun$close$1(LazyIndex.scala:91)
	at kafka.log.LazyIndex.close(LazyIndex.scala:91)
	at kafka.log.LogSegment.$anonfun$close$2(LogSegment.scala:594)
	at kafka.utils.CoreUtils$.swallow(CoreUtils.scala:68)
	at kafka.log.LogSegment.close(LogSegment.scala:594)
	at kafka.log.LogSegments.$anonfun$close$1(LogSegments.scala:77)
	at kafka.log.LogSegments.$anonfun$close$1$adapted(LogSegments.scala:77)
	at scala.collection.IterableOnceOps.foreach(IterableOnce.scala:563)
	at scala.collection.IterableOnceOps.foreach$(IterableOnce.scala:561)
	at scala.collection.AbstractIterable.foreach(Iterable.scala:926)
	at kafka.log.LogSegments.close(LogSegments.scala:77)
	at kafka.log.LocalLog.$anonfun$close$2(LocalLog.scala:223)
	at kafka.log.LocalLog.close(LocalLog.scala:786)
	at kafka.log.UnifiedLog.close(UnifiedLog.scala:681)
	at kafka.log.LogManager.$anonfun$shutdown$8(LogManager.scala:594)
	at java.base/java.util.concurrent.Executors$RunnableAdapter.call(Executors.java:515)
	at java.base/java.util.concurrent.FutureTask.run(FutureTask.java:264)
	at java.base/java.util.concurrent.ThreadPoolExecutor.runWorker(ThreadPoolExecutor.java:1128)
	at java.base/java.util.concurrent.ThreadPoolExecutor$Worker.run(ThreadPoolExecutor.java:628)
	at java.base/java.lang.Thread.run(Thread.java:829)
[2022-12-05 09:54:15,426] WARN Invalid argument (kafka.utils.CoreUtils$)
java.io.IOException: Invalid argument
	at java.base/java.io.RandomAccessFile.setLength(Native Method)
	at kafka.log.AbstractIndex.$anonfun$resize$1(AbstractIndex.scala:189)
	at kafka.log.AbstractIndex.resize(AbstractIndex.scala:175)
	at kafka.log.TimeIndex.super$resize(TimeIndex.scala:191)
	at kafka.log.TimeIndex.$anonfun$resize$1(TimeIndex.scala:191)
	at kafka.log.TimeIndex.resize(TimeIndex.scala:191)
	at kafka.log.AbstractIndex.$anonfun$trimToValidSize$1(AbstractIndex.scala:241)
	at kafka.log.AbstractIndex.trimToValidSize(AbstractIndex.scala:241)
	at kafka.log.AbstractIndex.close(AbstractIndex.scala:252)
	at kafka.log.LazyIndex$IndexValue.close(LazyIndex.scala:159)
	at kafka.log.LazyIndex.$anonfun$close$1(LazyIndex.scala:91)
	at kafka.log.LazyIndex.close(LazyIndex.scala:91)
	at kafka.log.LogSegment.$anonfun$close$3(LogSegment.scala:595)
	at kafka.utils.CoreUtils$.swallow(CoreUtils.scala:68)
	at kafka.log.LogSegment.close(LogSegment.scala:595)
	at kafka.log.LogSegments.$anonfun$close$1(LogSegments.scala:77)
	at kafka.log.LogSegments.$anonfun$close$1$adapted(LogSegments.scala:77)
	at scala.collection.IterableOnceOps.foreach(IterableOnce.scala:563)
	at scala.collection.IterableOnceOps.foreach$(IterableOnce.scala:561)
	at scala.collection.AbstractIterable.foreach(Iterable.scala:926)
	at kafka.log.LogSegments.close(LogSegments.scala:77)
	at kafka.log.LocalLog.$anonfun$close$2(LocalLog.scala:223)
	at kafka.log.LocalLog.close(LocalLog.scala:786)
	at kafka.log.UnifiedLog.close(UnifiedLog.scala:681)
	at kafka.log.LogManager.$anonfun$shutdown$8(LogManager.scala:594)
	at java.base/java.util.concurrent.Executors$RunnableAdapter.call(Executors.java:515)
	at java.base/java.util.concurrent.FutureTask.run(FutureTask.java:264)
	at java.base/java.util.concurrent.ThreadPoolExecutor.runWorker(ThreadPoolExecutor.java:1128)
	at java.base/java.util.concurrent.ThreadPoolExecutor$Worker.run(ThreadPoolExecutor.java:628)
	at java.base/java.lang.Thread.run(Thread.java:829)
[2022-12-05 09:54:15,448] WARN Invalid argument (kafka.utils.CoreUtils$)
java.io.IOException: Invalid argument
	at java.base/java.io.RandomAccessFile.setLength(Native Method)
	at kafka.log.AbstractIndex.$anonfun$resize$1(AbstractIndex.scala:189)
	at kafka.log.AbstractIndex.resize(AbstractIndex.scala:175)
	at kafka.log.AbstractIndex.$anonfun$trimToValidSize$1(AbstractIndex.scala:241)
	at kafka.log.AbstractIndex.trimToValidSize(AbstractIndex.scala:241)
	at kafka.log.AbstractIndex.close(AbstractIndex.scala:252)
	at kafka.log.LazyIndex$IndexValue.close(LazyIndex.scala:159)
	at kafka.log.LazyIndex.$anonfun$close$1(LazyIndex.scala:91)
	at kafka.log.LazyIndex.close(LazyIndex.scala:91)
	at kafka.log.LogSegment.$anonfun$close$2(LogSegment.scala:594)
	at kafka.utils.CoreUtils$.swallow(CoreUtils.scala:68)
	at kafka.log.LogSegment.close(LogSegment.scala:594)
	at kafka.log.LogSegments.$anonfun$close$1(LogSegments.scala:77)
	at kafka.log.LogSegments.$anonfun$close$1$adapted(LogSegments.scala:77)
	at scala.collection.IterableOnceOps.foreach(IterableOnce.scala:563)
	at scala.collection.IterableOnceOps.foreach$(IterableOnce.scala:561)
	at scala.collection.AbstractIterable.foreach(Iterable.scala:926)
	at kafka.log.LogSegments.close(LogSegments.scala:77)
	at kafka.log.LocalLog.$anonfun$close$2(LocalLog.scala:223)
	at kafka.log.LocalLog.close(LocalLog.scala:786)
	at kafka.log.UnifiedLog.close(UnifiedLog.scala:681)
	at kafka.log.LogManager.$anonfun$shutdown$8(LogManager.scala:594)
	at java.base/java.util.concurrent.Executors$RunnableAdapter.call(Executors.java:515)
	at java.base/java.util.concurrent.FutureTask.run(FutureTask.java:264)
	at java.base/java.util.concurrent.ThreadPoolExecutor.runWorker(ThreadPoolExecutor.java:1128)
	at java.base/java.util.concurrent.ThreadPoolExecutor$Worker.run(ThreadPoolExecutor.java:628)
	at java.base/java.lang.Thread.run(Thread.java:829)
[2022-12-05 09:54:15,460] WARN Invalid argument (kafka.utils.CoreUtils$)
java.io.IOException: Invalid argument
	at java.base/java.io.RandomAccessFile.setLength(Native Method)
	at kafka.log.AbstractIndex.$anonfun$resize$1(AbstractIndex.scala:189)
	at kafka.log.AbstractIndex.resize(AbstractIndex.scala:175)
	at kafka.log.TimeIndex.super$resize(TimeIndex.scala:191)
	at kafka.log.TimeIndex.$anonfun$resize$1(TimeIndex.scala:191)
	at kafka.log.TimeIndex.resize(TimeIndex.scala:191)
	at kafka.log.AbstractIndex.$anonfun$trimToValidSize$1(AbstractIndex.scala:241)
	at kafka.log.AbstractIndex.trimToValidSize(AbstractIndex.scala:241)
	at kafka.log.AbstractIndex.close(AbstractIndex.scala:252)
	at kafka.log.LazyIndex$IndexValue.close(LazyIndex.scala:159)
	at kafka.log.LazyIndex.$anonfun$close$1(LazyIndex.scala:91)
	at kafka.log.LazyIndex.close(LazyIndex.scala:91)
	at kafka.log.LogSegment.$anonfun$close$3(LogSegment.scala:595)
	at kafka.utils.CoreUtils$.swallow(CoreUtils.scala:68)
	at kafka.log.LogSegment.close(LogSegment.scala:595)
	at kafka.log.LogSegments.$anonfun$close$1(LogSegments.scala:77)
	at kafka.log.LogSegments.$anonfun$close$1$adapted(LogSegments.scala:77)
	at scala.collection.IterableOnceOps.foreach(IterableOnce.scala:563)
	at scala.collection.IterableOnceOps.foreach$(IterableOnce.scala:561)
	at scala.collection.AbstractIterable.foreach(Iterable.scala:926)
	at kafka.log.LogSegments.close(LogSegments.scala:77)
	at kafka.log.LocalLog.$anonfun$close$2(LocalLog.scala:223)
	at kafka.log.LocalLog.close(LocalLog.scala:786)
	at kafka.log.UnifiedLog.close(UnifiedLog.scala:681)
	at kafka.log.LogManager.$anonfun$shutdown$8(LogManager.scala:594)
	at java.base/java.util.concurrent.Executors$RunnableAdapter.call(Executors.java:515)
	at java.base/java.util.concurrent.FutureTask.run(FutureTask.java:264)
	at java.base/java.util.concurrent.ThreadPoolExecutor.runWorker(ThreadPoolExecutor.java:1128)
	at java.base/java.util.concurrent.ThreadPoolExecutor$Worker.run(ThreadPoolExecutor.java:628)
	at java.base/java.lang.Thread.run(Thread.java:829)
[2022-12-05 09:54:15,502] WARN Invalid argument (kafka.utils.CoreUtils$)
java.io.IOException: Invalid argument
	at java.base/java.io.RandomAccessFile.setLength(Native Method)
	at kafka.log.AbstractIndex.$anonfun$resize$1(AbstractIndex.scala:189)
	at kafka.log.AbstractIndex.resize(AbstractIndex.scala:175)
	at kafka.log.AbstractIndex.$anonfun$trimToValidSize$1(AbstractIndex.scala:241)
	at kafka.log.AbstractIndex.trimToValidSize(AbstractIndex.scala:241)
	at kafka.log.AbstractIndex.close(AbstractIndex.scala:252)
	at kafka.log.LazyIndex$IndexValue.close(LazyIndex.scala:159)
	at kafka.log.LazyIndex.$anonfun$close$1(LazyIndex.scala:91)
	at kafka.log.LazyIndex.close(LazyIndex.scala:91)
	at kafka.log.LogSegment.$anonfun$close$2(LogSegment.scala:594)
	at kafka.utils.CoreUtils$.swallow(CoreUtils.scala:68)
	at kafka.log.LogSegment.close(LogSegment.scala:594)
	at kafka.log.LogSegments.$anonfun$close$1(LogSegments.scala:77)
	at kafka.log.LogSegments.$anonfun$close$1$adapted(LogSegments.scala:77)
	at scala.collection.IterableOnceOps.foreach(IterableOnce.scala:563)
	at scala.collection.IterableOnceOps.foreach$(IterableOnce.scala:561)
	at scala.collection.AbstractIterable.foreach(Iterable.scala:926)
	at kafka.log.LogSegments.close(LogSegments.scala:77)
	at kafka.log.LocalLog.$anonfun$close$2(LocalLog.scala:223)
	at kafka.log.LocalLog.close(LocalLog.scala:786)
	at kafka.log.UnifiedLog.close(UnifiedLog.scala:681)
	at kafka.log.LogManager.$anonfun$shutdown$8(LogManager.scala:594)
	at java.base/java.util.concurrent.Executors$RunnableAdapter.call(Executors.java:515)
	at java.base/java.util.concurrent.FutureTask.run(FutureTask.java:264)
	at java.base/java.util.concurrent.ThreadPoolExecutor.runWorker(ThreadPoolExecutor.java:1128)
	at java.base/java.util.concurrent.ThreadPoolExecutor$Worker.run(ThreadPoolExecutor.java:628)
	at java.base/java.lang.Thread.run(Thread.java:829)
[2022-12-05 09:54:15,516] WARN Invalid argument (kafka.utils.CoreUtils$)
java.io.IOException: Invalid argument
	at java.base/java.io.RandomAccessFile.setLength(Native Method)
	at kafka.log.AbstractIndex.$anonfun$resize$1(AbstractIndex.scala:189)
	at kafka.log.AbstractIndex.resize(AbstractIndex.scala:175)
	at kafka.log.TimeIndex.super$resize(TimeIndex.scala:191)
	at kafka.log.TimeIndex.$anonfun$resize$1(TimeIndex.scala:191)
	at kafka.log.TimeIndex.resize(TimeIndex.scala:191)
	at kafka.log.AbstractIndex.$anonfun$trimToValidSize$1(AbstractIndex.scala:241)
	at kafka.log.AbstractIndex.trimToValidSize(AbstractIndex.scala:241)
	at kafka.log.AbstractIndex.close(AbstractIndex.scala:252)
	at kafka.log.LazyIndex$IndexValue.close(LazyIndex.scala:159)
	at kafka.log.LazyIndex.$anonfun$close$1(LazyIndex.scala:91)
	at kafka.log.LazyIndex.close(LazyIndex.scala:91)
	at kafka.log.LogSegment.$anonfun$close$3(LogSegment.scala:595)
	at kafka.utils.CoreUtils$.swallow(CoreUtils.scala:68)
	at kafka.log.LogSegment.close(LogSegment.scala:595)
	at kafka.log.LogSegments.$anonfun$close$1(LogSegments.scala:77)
	at kafka.log.LogSegments.$anonfun$close$1$adapted(LogSegments.scala:77)
	at scala.collection.IterableOnceOps.foreach(IterableOnce.scala:563)
	at scala.collection.IterableOnceOps.foreach$(IterableOnce.scala:561)
	at scala.collection.AbstractIterable.foreach(Iterable.scala:926)
	at kafka.log.LogSegments.close(LogSegments.scala:77)
	at kafka.log.LocalLog.$anonfun$close$2(LocalLog.scala:223)
	at kafka.log.LocalLog.close(LocalLog.scala:786)
	at kafka.log.UnifiedLog.close(UnifiedLog.scala:681)
	at kafka.log.LogManager.$anonfun$shutdown$8(LogManager.scala:594)
	at java.base/java.util.concurrent.Executors$RunnableAdapter.call(Executors.java:515)
	at java.base/java.util.concurrent.FutureTask.run(FutureTask.java:264)
	at java.base/java.util.concurrent.ThreadPoolExecutor.runWorker(ThreadPoolExecutor.java:1128)
	at java.base/java.util.concurrent.ThreadPoolExecutor$Worker.run(ThreadPoolExecutor.java:628)
	at java.base/java.lang.Thread.run(Thread.java:829)
[2022-12-05 09:54:15,535] INFO [ProducerStateManager partition=__consumer_offsets-40] Wrote producer snapshot at offset 6 with 0 producer ids in 4 ms. (kafka.log.ProducerStateManager)
[2022-12-05 09:54:15,552] WARN Invalid argument (kafka.utils.CoreUtils$)
java.io.IOException: Invalid argument
	at java.base/java.io.RandomAccessFile.setLength(Native Method)
	at kafka.log.AbstractIndex.$anonfun$resize$1(AbstractIndex.scala:189)
	at kafka.log.AbstractIndex.resize(AbstractIndex.scala:175)
	at kafka.log.AbstractIndex.$anonfun$trimToValidSize$1(AbstractIndex.scala:241)
	at kafka.log.AbstractIndex.trimToValidSize(AbstractIndex.scala:241)
	at kafka.log.AbstractIndex.close(AbstractIndex.scala:252)
	at kafka.log.LazyIndex$IndexValue.close(LazyIndex.scala:159)
	at kafka.log.LazyIndex.$anonfun$close$1(LazyIndex.scala:91)
	at kafka.log.LazyIndex.close(LazyIndex.scala:91)
	at kafka.log.LogSegment.$anonfun$close$2(LogSegment.scala:594)
	at kafka.utils.CoreUtils$.swallow(CoreUtils.scala:68)
	at kafka.log.LogSegment.close(LogSegment.scala:594)
	at kafka.log.LogSegments.$anonfun$close$1(LogSegments.scala:77)
	at kafka.log.LogSegments.$anonfun$close$1$adapted(LogSegments.scala:77)
	at scala.collection.IterableOnceOps.foreach(IterableOnce.scala:563)
	at scala.collection.IterableOnceOps.foreach$(IterableOnce.scala:561)
	at scala.collection.AbstractIterable.foreach(Iterable.scala:926)
	at kafka.log.LogSegments.close(LogSegments.scala:77)
	at kafka.log.LocalLog.$anonfun$close$2(LocalLog.scala:223)
	at kafka.log.LocalLog.close(LocalLog.scala:786)
	at kafka.log.UnifiedLog.close(UnifiedLog.scala:681)
	at kafka.log.LogManager.$anonfun$shutdown$8(LogManager.scala:594)
	at java.base/java.util.concurrent.Executors$RunnableAdapter.call(Executors.java:515)
	at java.base/java.util.concurrent.FutureTask.run(FutureTask.java:264)
	at java.base/java.util.concurrent.ThreadPoolExecutor.runWorker(ThreadPoolExecutor.java:1128)
	at java.base/java.util.concurrent.ThreadPoolExecutor$Worker.run(ThreadPoolExecutor.java:628)
	at java.base/java.lang.Thread.run(Thread.java:829)
[2022-12-05 09:54:15,565] WARN Invalid argument (kafka.utils.CoreUtils$)
java.io.IOException: Invalid argument
	at java.base/java.io.RandomAccessFile.setLength(Native Method)
	at kafka.log.AbstractIndex.$anonfun$resize$1(AbstractIndex.scala:189)
	at kafka.log.AbstractIndex.resize(AbstractIndex.scala:175)
	at kafka.log.TimeIndex.super$resize(TimeIndex.scala:191)
	at kafka.log.TimeIndex.$anonfun$resize$1(TimeIndex.scala:191)
	at kafka.log.TimeIndex.resize(TimeIndex.scala:191)
	at kafka.log.AbstractIndex.$anonfun$trimToValidSize$1(AbstractIndex.scala:241)
	at kafka.log.AbstractIndex.trimToValidSize(AbstractIndex.scala:241)
	at kafka.log.AbstractIndex.close(AbstractIndex.scala:252)
	at kafka.log.LazyIndex$IndexValue.close(LazyIndex.scala:159)
	at kafka.log.LazyIndex.$anonfun$close$1(LazyIndex.scala:91)
	at kafka.log.LazyIndex.close(LazyIndex.scala:91)
	at kafka.log.LogSegment.$anonfun$close$3(LogSegment.scala:595)
	at kafka.utils.CoreUtils$.swallow(CoreUtils.scala:68)
	at kafka.log.LogSegment.close(LogSegment.scala:595)
	at kafka.log.LogSegments.$anonfun$close$1(LogSegments.scala:77)
	at kafka.log.LogSegments.$anonfun$close$1$adapted(LogSegments.scala:77)
	at scala.collection.IterableOnceOps.foreach(IterableOnce.scala:563)
	at scala.collection.IterableOnceOps.foreach$(IterableOnce.scala:561)
	at scala.collection.AbstractIterable.foreach(Iterable.scala:926)
	at kafka.log.LogSegments.close(LogSegments.scala:77)
	at kafka.log.LocalLog.$anonfun$close$2(LocalLog.scala:223)
	at kafka.log.LocalLog.close(LocalLog.scala:786)
	at kafka.log.UnifiedLog.close(UnifiedLog.scala:681)
	at kafka.log.LogManager.$anonfun$shutdown$8(LogManager.scala:594)
	at java.base/java.util.concurrent.Executors$RunnableAdapter.call(Executors.java:515)
	at java.base/java.util.concurrent.FutureTask.run(FutureTask.java:264)
	at java.base/java.util.concurrent.ThreadPoolExecutor.runWorker(ThreadPoolExecutor.java:1128)
	at java.base/java.util.concurrent.ThreadPoolExecutor$Worker.run(ThreadPoolExecutor.java:628)
	at java.base/java.lang.Thread.run(Thread.java:829)
[2022-12-05 09:54:15,594] INFO [ProducerStateManager partition=__consumer_offsets-2] Wrote producer snapshot at offset 3 with 0 producer ids in 3 ms. (kafka.log.ProducerStateManager)
[2022-12-05 09:54:15,609] WARN Invalid argument (kafka.utils.CoreUtils$)
java.io.IOException: Invalid argument
	at java.base/java.io.RandomAccessFile.setLength(Native Method)
	at kafka.log.AbstractIndex.$anonfun$resize$1(AbstractIndex.scala:189)
	at kafka.log.AbstractIndex.resize(AbstractIndex.scala:175)
	at kafka.log.AbstractIndex.$anonfun$trimToValidSize$1(AbstractIndex.scala:241)
	at kafka.log.AbstractIndex.trimToValidSize(AbstractIndex.scala:241)
	at kafka.log.AbstractIndex.close(AbstractIndex.scala:252)
	at kafka.log.LazyIndex$IndexValue.close(LazyIndex.scala:159)
	at kafka.log.LazyIndex.$anonfun$close$1(LazyIndex.scala:91)
	at kafka.log.LazyIndex.close(LazyIndex.scala:91)
	at kafka.log.LogSegment.$anonfun$close$2(LogSegment.scala:594)
	at kafka.utils.CoreUtils$.swallow(CoreUtils.scala:68)
	at kafka.log.LogSegment.close(LogSegment.scala:594)
	at kafka.log.LogSegments.$anonfun$close$1(LogSegments.scala:77)
	at kafka.log.LogSegments.$anonfun$close$1$adapted(LogSegments.scala:77)
	at scala.collection.IterableOnceOps.foreach(IterableOnce.scala:563)
	at scala.collection.IterableOnceOps.foreach$(IterableOnce.scala:561)
	at scala.collection.AbstractIterable.foreach(Iterable.scala:926)
	at kafka.log.LogSegments.close(LogSegments.scala:77)
	at kafka.log.LocalLog.$anonfun$close$2(LocalLog.scala:223)
	at kafka.log.LocalLog.close(LocalLog.scala:786)
	at kafka.log.UnifiedLog.close(UnifiedLog.scala:681)
	at kafka.log.LogManager.$anonfun$shutdown$8(LogManager.scala:594)
	at java.base/java.util.concurrent.Executors$RunnableAdapter.call(Executors.java:515)
	at java.base/java.util.concurrent.FutureTask.run(FutureTask.java:264)
	at java.base/java.util.concurrent.ThreadPoolExecutor.runWorker(ThreadPoolExecutor.java:1128)
	at java.base/java.util.concurrent.ThreadPoolExecutor$Worker.run(ThreadPoolExecutor.java:628)
	at java.base/java.lang.Thread.run(Thread.java:829)
[2022-12-05 09:54:15,623] WARN Invalid argument (kafka.utils.CoreUtils$)
java.io.IOException: Invalid argument
	at java.base/java.io.RandomAccessFile.setLength(Native Method)
	at kafka.log.AbstractIndex.$anonfun$resize$1(AbstractIndex.scala:189)
	at kafka.log.AbstractIndex.resize(AbstractIndex.scala:175)
	at kafka.log.TimeIndex.super$resize(TimeIndex.scala:191)
	at kafka.log.TimeIndex.$anonfun$resize$1(TimeIndex.scala:191)
	at kafka.log.TimeIndex.resize(TimeIndex.scala:191)
	at kafka.log.AbstractIndex.$anonfun$trimToValidSize$1(AbstractIndex.scala:241)
	at kafka.log.AbstractIndex.trimToValidSize(AbstractIndex.scala:241)
	at kafka.log.AbstractIndex.close(AbstractIndex.scala:252)
	at kafka.log.LazyIndex$IndexValue.close(LazyIndex.scala:159)
	at kafka.log.LazyIndex.$anonfun$close$1(LazyIndex.scala:91)
	at kafka.log.LazyIndex.close(LazyIndex.scala:91)
	at kafka.log.LogSegment.$anonfun$close$3(LogSegment.scala:595)
	at kafka.utils.CoreUtils$.swallow(CoreUtils.scala:68)
	at kafka.log.LogSegment.close(LogSegment.scala:595)
	at kafka.log.LogSegments.$anonfun$close$1(LogSegments.scala:77)
	at kafka.log.LogSegments.$anonfun$close$1$adapted(LogSegments.scala:77)
	at scala.collection.IterableOnceOps.foreach(IterableOnce.scala:563)
	at scala.collection.IterableOnceOps.foreach$(IterableOnce.scala:561)
	at scala.collection.AbstractIterable.foreach(Iterable.scala:926)
	at kafka.log.LogSegments.close(LogSegments.scala:77)
	at kafka.log.LocalLog.$anonfun$close$2(LocalLog.scala:223)
	at kafka.log.LocalLog.close(LocalLog.scala:786)
	at kafka.log.UnifiedLog.close(UnifiedLog.scala:681)
	at kafka.log.LogManager.$anonfun$shutdown$8(LogManager.scala:594)
	at java.base/java.util.concurrent.Executors$RunnableAdapter.call(Executors.java:515)
	at java.base/java.util.concurrent.FutureTask.run(FutureTask.java:264)
	at java.base/java.util.concurrent.ThreadPoolExecutor.runWorker(ThreadPoolExecutor.java:1128)
	at java.base/java.util.concurrent.ThreadPoolExecutor$Worker.run(ThreadPoolExecutor.java:628)
	at java.base/java.lang.Thread.run(Thread.java:829)
[2022-12-05 09:54:15,642] INFO [ProducerStateManager partition=mysecond-1] Wrote producer snapshot at offset 29 with 2 producer ids in 5 ms. (kafka.log.ProducerStateManager)
[2022-12-05 09:54:15,656] WARN Invalid argument (kafka.utils.CoreUtils$)
java.io.IOException: Invalid argument
	at java.base/java.io.RandomAccessFile.setLength(Native Method)
	at kafka.log.AbstractIndex.$anonfun$resize$1(AbstractIndex.scala:189)
	at kafka.log.AbstractIndex.resize(AbstractIndex.scala:175)
	at kafka.log.AbstractIndex.$anonfun$trimToValidSize$1(AbstractIndex.scala:241)
	at kafka.log.AbstractIndex.trimToValidSize(AbstractIndex.scala:241)
	at kafka.log.AbstractIndex.close(AbstractIndex.scala:252)
	at kafka.log.LazyIndex$IndexValue.close(LazyIndex.scala:159)
	at kafka.log.LazyIndex.$anonfun$close$1(LazyIndex.scala:91)
	at kafka.log.LazyIndex.close(LazyIndex.scala:91)
	at kafka.log.LogSegment.$anonfun$close$2(LogSegment.scala:594)
	at kafka.utils.CoreUtils$.swallow(CoreUtils.scala:68)
	at kafka.log.LogSegment.close(LogSegment.scala:594)
	at kafka.log.LogSegments.$anonfun$close$1(LogSegments.scala:77)
	at kafka.log.LogSegments.$anonfun$close$1$adapted(LogSegments.scala:77)
	at scala.collection.IterableOnceOps.foreach(IterableOnce.scala:563)
	at scala.collection.IterableOnceOps.foreach$(IterableOnce.scala:561)
	at scala.collection.AbstractIterable.foreach(Iterable.scala:926)
	at kafka.log.LogSegments.close(LogSegments.scala:77)
	at kafka.log.LocalLog.$anonfun$close$2(LocalLog.scala:223)
	at kafka.log.LocalLog.close(LocalLog.scala:786)
	at kafka.log.UnifiedLog.close(UnifiedLog.scala:681)
	at kafka.log.LogManager.$anonfun$shutdown$8(LogManager.scala:594)
	at java.base/java.util.concurrent.Executors$RunnableAdapter.call(Executors.java:515)
	at java.base/java.util.concurrent.FutureTask.run(FutureTask.java:264)
	at java.base/java.util.concurrent.ThreadPoolExecutor.runWorker(ThreadPoolExecutor.java:1128)
	at java.base/java.util.concurrent.ThreadPoolExecutor$Worker.run(ThreadPoolExecutor.java:628)
	at java.base/java.lang.Thread.run(Thread.java:829)
[2022-12-05 09:54:15,668] WARN Invalid argument (kafka.utils.CoreUtils$)
java.io.IOException: Invalid argument
	at java.base/java.io.RandomAccessFile.setLength(Native Method)
	at kafka.log.AbstractIndex.$anonfun$resize$1(AbstractIndex.scala:189)
	at kafka.log.AbstractIndex.resize(AbstractIndex.scala:175)
	at kafka.log.TimeIndex.super$resize(TimeIndex.scala:191)
	at kafka.log.TimeIndex.$anonfun$resize$1(TimeIndex.scala:191)
	at kafka.log.TimeIndex.resize(TimeIndex.scala:191)
	at kafka.log.AbstractIndex.$anonfun$trimToValidSize$1(AbstractIndex.scala:241)
	at kafka.log.AbstractIndex.trimToValidSize(AbstractIndex.scala:241)
	at kafka.log.AbstractIndex.close(AbstractIndex.scala:252)
	at kafka.log.LazyIndex$IndexValue.close(LazyIndex.scala:159)
	at kafka.log.LazyIndex.$anonfun$close$1(LazyIndex.scala:91)
	at kafka.log.LazyIndex.close(LazyIndex.scala:91)
	at kafka.log.LogSegment.$anonfun$close$3(LogSegment.scala:595)
	at kafka.utils.CoreUtils$.swallow(CoreUtils.scala:68)
	at kafka.log.LogSegment.close(LogSegment.scala:595)
	at kafka.log.LogSegments.$anonfun$close$1(LogSegments.scala:77)
	at kafka.log.LogSegments.$anonfun$close$1$adapted(LogSegments.scala:77)
	at scala.collection.IterableOnceOps.foreach(IterableOnce.scala:563)
	at scala.collection.IterableOnceOps.foreach$(IterableOnce.scala:561)
	at scala.collection.AbstractIterable.foreach(Iterable.scala:926)
	at kafka.log.LogSegments.close(LogSegments.scala:77)
	at kafka.log.LocalLog.$anonfun$close$2(LocalLog.scala:223)
	at kafka.log.LocalLog.close(LocalLog.scala:786)
	at kafka.log.UnifiedLog.close(UnifiedLog.scala:681)
	at kafka.log.LogManager.$anonfun$shutdown$8(LogManager.scala:594)
	at java.base/java.util.concurrent.Executors$RunnableAdapter.call(Executors.java:515)
	at java.base/java.util.concurrent.FutureTask.run(FutureTask.java:264)
	at java.base/java.util.concurrent.ThreadPoolExecutor.runWorker(ThreadPoolExecutor.java:1128)
	at java.base/java.util.concurrent.ThreadPoolExecutor$Worker.run(ThreadPoolExecutor.java:628)
	at java.base/java.lang.Thread.run(Thread.java:829)
[2022-12-05 09:54:15,701] WARN Invalid argument (kafka.utils.CoreUtils$)
java.io.IOException: Invalid argument
	at java.base/java.io.RandomAccessFile.setLength(Native Method)
	at kafka.log.AbstractIndex.$anonfun$resize$1(AbstractIndex.scala:189)
	at kafka.log.AbstractIndex.resize(AbstractIndex.scala:175)
	at kafka.log.AbstractIndex.$anonfun$trimToValidSize$1(AbstractIndex.scala:241)
	at kafka.log.AbstractIndex.trimToValidSize(AbstractIndex.scala:241)
	at kafka.log.AbstractIndex.close(AbstractIndex.scala:252)
	at kafka.log.LazyIndex$IndexValue.close(LazyIndex.scala:159)
	at kafka.log.LazyIndex.$anonfun$close$1(LazyIndex.scala:91)
	at kafka.log.LazyIndex.close(LazyIndex.scala:91)
	at kafka.log.LogSegment.$anonfun$close$2(LogSegment.scala:594)
	at kafka.utils.CoreUtils$.swallow(CoreUtils.scala:68)
	at kafka.log.LogSegment.close(LogSegment.scala:594)
	at kafka.log.LogSegments.$anonfun$close$1(LogSegments.scala:77)
	at kafka.log.LogSegments.$anonfun$close$1$adapted(LogSegments.scala:77)
	at scala.collection.IterableOnceOps.foreach(IterableOnce.scala:563)
	at scala.collection.IterableOnceOps.foreach$(IterableOnce.scala:561)
	at scala.collection.AbstractIterable.foreach(Iterable.scala:926)
	at kafka.log.LogSegments.close(LogSegments.scala:77)
	at kafka.log.LocalLog.$anonfun$close$2(LocalLog.scala:223)
	at kafka.log.LocalLog.close(LocalLog.scala:786)
	at kafka.log.UnifiedLog.close(UnifiedLog.scala:681)
	at kafka.log.LogManager.$anonfun$shutdown$8(LogManager.scala:594)
	at java.base/java.util.concurrent.Executors$RunnableAdapter.call(Executors.java:515)
	at java.base/java.util.concurrent.FutureTask.run(FutureTask.java:264)
	at java.base/java.util.concurrent.ThreadPoolExecutor.runWorker(ThreadPoolExecutor.java:1128)
	at java.base/java.util.concurrent.ThreadPoolExecutor$Worker.run(ThreadPoolExecutor.java:628)
	at java.base/java.lang.Thread.run(Thread.java:829)
[2022-12-05 09:54:15,712] WARN Invalid argument (kafka.utils.CoreUtils$)
java.io.IOException: Invalid argument
	at java.base/java.io.RandomAccessFile.setLength(Native Method)
	at kafka.log.AbstractIndex.$anonfun$resize$1(AbstractIndex.scala:189)
	at kafka.log.AbstractIndex.resize(AbstractIndex.scala:175)
	at kafka.log.TimeIndex.super$resize(TimeIndex.scala:191)
	at kafka.log.TimeIndex.$anonfun$resize$1(TimeIndex.scala:191)
	at kafka.log.TimeIndex.resize(TimeIndex.scala:191)
	at kafka.log.AbstractIndex.$anonfun$trimToValidSize$1(AbstractIndex.scala:241)
	at kafka.log.AbstractIndex.trimToValidSize(AbstractIndex.scala:241)
	at kafka.log.AbstractIndex.close(AbstractIndex.scala:252)
	at kafka.log.LazyIndex$IndexValue.close(LazyIndex.scala:159)
	at kafka.log.LazyIndex.$anonfun$close$1(LazyIndex.scala:91)
	at kafka.log.LazyIndex.close(LazyIndex.scala:91)
	at kafka.log.LogSegment.$anonfun$close$3(LogSegment.scala:595)
	at kafka.utils.CoreUtils$.swallow(CoreUtils.scala:68)
	at kafka.log.LogSegment.close(LogSegment.scala:595)
	at kafka.log.LogSegments.$anonfun$close$1(LogSegments.scala:77)
	at kafka.log.LogSegments.$anonfun$close$1$adapted(LogSegments.scala:77)
	at scala.collection.IterableOnceOps.foreach(IterableOnce.scala:563)
	at scala.collection.IterableOnceOps.foreach$(IterableOnce.scala:561)
	at scala.collection.AbstractIterable.foreach(Iterable.scala:926)
	at kafka.log.LogSegments.close(LogSegments.scala:77)
	at kafka.log.LocalLog.$anonfun$close$2(LocalLog.scala:223)
	at kafka.log.LocalLog.close(LocalLog.scala:786)
	at kafka.log.UnifiedLog.close(UnifiedLog.scala:681)
	at kafka.log.LogManager.$anonfun$shutdown$8(LogManager.scala:594)
	at java.base/java.util.concurrent.Executors$RunnableAdapter.call(Executors.java:515)
	at java.base/java.util.concurrent.FutureTask.run(FutureTask.java:264)
	at java.base/java.util.concurrent.ThreadPoolExecutor.runWorker(ThreadPoolExecutor.java:1128)
	at java.base/java.util.concurrent.ThreadPoolExecutor$Worker.run(ThreadPoolExecutor.java:628)
	at java.base/java.lang.Thread.run(Thread.java:829)
[2022-12-05 09:54:15,739] WARN Invalid argument (kafka.utils.CoreUtils$)
java.io.IOException: Invalid argument
	at java.base/java.io.RandomAccessFile.setLength(Native Method)
	at kafka.log.AbstractIndex.$anonfun$resize$1(AbstractIndex.scala:189)
	at kafka.log.AbstractIndex.resize(AbstractIndex.scala:175)
	at kafka.log.AbstractIndex.$anonfun$trimToValidSize$1(AbstractIndex.scala:241)
	at kafka.log.AbstractIndex.trimToValidSize(AbstractIndex.scala:241)
	at kafka.log.AbstractIndex.close(AbstractIndex.scala:252)
	at kafka.log.LazyIndex$IndexValue.close(LazyIndex.scala:159)
	at kafka.log.LazyIndex.$anonfun$close$1(LazyIndex.scala:91)
	at kafka.log.LazyIndex.close(LazyIndex.scala:91)
	at kafka.log.LogSegment.$anonfun$close$2(LogSegment.scala:594)
	at kafka.utils.CoreUtils$.swallow(CoreUtils.scala:68)
	at kafka.log.LogSegment.close(LogSegment.scala:594)
	at kafka.log.LogSegments.$anonfun$close$1(LogSegments.scala:77)
	at kafka.log.LogSegments.$anonfun$close$1$adapted(LogSegments.scala:77)
	at scala.collection.IterableOnceOps.foreach(IterableOnce.scala:563)
	at scala.collection.IterableOnceOps.foreach$(IterableOnce.scala:561)
	at scala.collection.AbstractIterable.foreach(Iterable.scala:926)
	at kafka.log.LogSegments.close(LogSegments.scala:77)
	at kafka.log.LocalLog.$anonfun$close$2(LocalLog.scala:223)
	at kafka.log.LocalLog.close(LocalLog.scala:786)
	at kafka.log.UnifiedLog.close(UnifiedLog.scala:681)
	at kafka.log.LogManager.$anonfun$shutdown$8(LogManager.scala:594)
	at java.base/java.util.concurrent.Executors$RunnableAdapter.call(Executors.java:515)
	at java.base/java.util.concurrent.FutureTask.run(FutureTask.java:264)
	at java.base/java.util.concurrent.ThreadPoolExecutor.runWorker(ThreadPoolExecutor.java:1128)
	at java.base/java.util.concurrent.ThreadPoolExecutor$Worker.run(ThreadPoolExecutor.java:628)
	at java.base/java.lang.Thread.run(Thread.java:829)
[2022-12-05 09:54:15,744] WARN Session 0x1001343cc410006 for sever localhost/127.0.0.1:2181, Closing socket connection. Attempting reconnect except it is a SessionExpiredException. (org.apache.zookeeper.ClientCnxn)
EndOfStreamException: Unable to read additional data from server sessionid 0x1001343cc410006, likely server has closed socket
	at org.apache.zookeeper.ClientCnxnSocketNIO.doIO(ClientCnxnSocketNIO.java:77)
	at org.apache.zookeeper.ClientCnxnSocketNIO.doTransport(ClientCnxnSocketNIO.java:350)
	at org.apache.zookeeper.ClientCnxn$SendThread.run(ClientCnxn.java:1290)
[2022-12-05 09:54:15,751] WARN Invalid argument (kafka.utils.CoreUtils$)
java.io.IOException: Invalid argument
	at java.base/java.io.RandomAccessFile.setLength(Native Method)
	at kafka.log.AbstractIndex.$anonfun$resize$1(AbstractIndex.scala:189)
	at kafka.log.AbstractIndex.resize(AbstractIndex.scala:175)
	at kafka.log.TimeIndex.super$resize(TimeIndex.scala:191)
	at kafka.log.TimeIndex.$anonfun$resize$1(TimeIndex.scala:191)
	at kafka.log.TimeIndex.resize(TimeIndex.scala:191)
	at kafka.log.AbstractIndex.$anonfun$trimToValidSize$1(AbstractIndex.scala:241)
	at kafka.log.AbstractIndex.trimToValidSize(AbstractIndex.scala:241)
	at kafka.log.AbstractIndex.close(AbstractIndex.scala:252)
	at kafka.log.LazyIndex$IndexValue.close(LazyIndex.scala:159)
	at kafka.log.LazyIndex.$anonfun$close$1(LazyIndex.scala:91)
	at kafka.log.LazyIndex.close(LazyIndex.scala:91)
	at kafka.log.LogSegment.$anonfun$close$3(LogSegment.scala:595)
	at kafka.utils.CoreUtils$.swallow(CoreUtils.scala:68)
	at kafka.log.LogSegment.close(LogSegment.scala:595)
	at kafka.log.LogSegments.$anonfun$close$1(LogSegments.scala:77)
	at kafka.log.LogSegments.$anonfun$close$1$adapted(LogSegments.scala:77)
	at scala.collection.IterableOnceOps.foreach(IterableOnce.scala:563)
	at scala.collection.IterableOnceOps.foreach$(IterableOnce.scala:561)
	at scala.collection.AbstractIterable.foreach(Iterable.scala:926)
	at kafka.log.LogSegments.close(LogSegments.scala:77)
	at kafka.log.LocalLog.$anonfun$close$2(LocalLog.scala:223)
	at kafka.log.LocalLog.close(LocalLog.scala:786)
	at kafka.log.UnifiedLog.close(UnifiedLog.scala:681)
	at kafka.log.LogManager.$anonfun$shutdown$8(LogManager.scala:594)
	at java.base/java.util.concurrent.Executors$RunnableAdapter.call(Executors.java:515)
	at java.base/java.util.concurrent.FutureTask.run(FutureTask.java:264)
	at java.base/java.util.concurrent.ThreadPoolExecutor.runWorker(ThreadPoolExecutor.java:1128)
	at java.base/java.util.concurrent.ThreadPoolExecutor$Worker.run(ThreadPoolExecutor.java:628)
	at java.base/java.lang.Thread.run(Thread.java:829)
[2022-12-05 09:54:15,768] INFO [ProducerStateManager partition=__consumer_offsets-7] Wrote producer snapshot at offset 3 with 0 producer ids in 4 ms. (kafka.log.ProducerStateManager)
[2022-12-05 09:54:15,782] WARN Invalid argument (kafka.utils.CoreUtils$)
java.io.IOException: Invalid argument
	at java.base/java.io.RandomAccessFile.setLength(Native Method)
	at kafka.log.AbstractIndex.$anonfun$resize$1(AbstractIndex.scala:189)
	at kafka.log.AbstractIndex.resize(AbstractIndex.scala:175)
	at kafka.log.AbstractIndex.$anonfun$trimToValidSize$1(AbstractIndex.scala:241)
	at kafka.log.AbstractIndex.trimToValidSize(AbstractIndex.scala:241)
	at kafka.log.AbstractIndex.close(AbstractIndex.scala:252)
	at kafka.log.LazyIndex$IndexValue.close(LazyIndex.scala:159)
	at kafka.log.LazyIndex.$anonfun$close$1(LazyIndex.scala:91)
	at kafka.log.LazyIndex.close(LazyIndex.scala:91)
	at kafka.log.LogSegment.$anonfun$close$2(LogSegment.scala:594)
	at kafka.utils.CoreUtils$.swallow(CoreUtils.scala:68)
	at kafka.log.LogSegment.close(LogSegment.scala:594)
	at kafka.log.LogSegments.$anonfun$close$1(LogSegments.scala:77)
	at kafka.log.LogSegments.$anonfun$close$1$adapted(LogSegments.scala:77)
	at scala.collection.IterableOnceOps.foreach(IterableOnce.scala:563)
	at scala.collection.IterableOnceOps.foreach$(IterableOnce.scala:561)
	at scala.collection.AbstractIterable.foreach(Iterable.scala:926)
	at kafka.log.LogSegments.close(LogSegments.scala:77)
	at kafka.log.LocalLog.$anonfun$close$2(LocalLog.scala:223)
	at kafka.log.LocalLog.close(LocalLog.scala:786)
	at kafka.log.UnifiedLog.close(UnifiedLog.scala:681)
	at kafka.log.LogManager.$anonfun$shutdown$8(LogManager.scala:594)
	at java.base/java.util.concurrent.Executors$RunnableAdapter.call(Executors.java:515)
	at java.base/java.util.concurrent.FutureTask.run(FutureTask.java:264)
	at java.base/java.util.concurrent.ThreadPoolExecutor.runWorker(ThreadPoolExecutor.java:1128)
	at java.base/java.util.concurrent.ThreadPoolExecutor$Worker.run(ThreadPoolExecutor.java:628)
	at java.base/java.lang.Thread.run(Thread.java:829)
[2022-12-05 09:54:15,794] WARN Invalid argument (kafka.utils.CoreUtils$)
java.io.IOException: Invalid argument
	at java.base/java.io.RandomAccessFile.setLength(Native Method)
	at kafka.log.AbstractIndex.$anonfun$resize$1(AbstractIndex.scala:189)
	at kafka.log.AbstractIndex.resize(AbstractIndex.scala:175)
	at kafka.log.TimeIndex.super$resize(TimeIndex.scala:191)
	at kafka.log.TimeIndex.$anonfun$resize$1(TimeIndex.scala:191)
	at kafka.log.TimeIndex.resize(TimeIndex.scala:191)
	at kafka.log.AbstractIndex.$anonfun$trimToValidSize$1(AbstractIndex.scala:241)
	at kafka.log.AbstractIndex.trimToValidSize(AbstractIndex.scala:241)
	at kafka.log.AbstractIndex.close(AbstractIndex.scala:252)
	at kafka.log.LazyIndex$IndexValue.close(LazyIndex.scala:159)
	at kafka.log.LazyIndex.$anonfun$close$1(LazyIndex.scala:91)
	at kafka.log.LazyIndex.close(LazyIndex.scala:91)
	at kafka.log.LogSegment.$anonfun$close$3(LogSegment.scala:595)
	at kafka.utils.CoreUtils$.swallow(CoreUtils.scala:68)
	at kafka.log.LogSegment.close(LogSegment.scala:595)
	at kafka.log.LogSegments.$anonfun$close$1(LogSegments.scala:77)
	at kafka.log.LogSegments.$anonfun$close$1$adapted(LogSegments.scala:77)
	at scala.collection.IterableOnceOps.foreach(IterableOnce.scala:563)
	at scala.collection.IterableOnceOps.foreach$(IterableOnce.scala:561)
	at scala.collection.AbstractIterable.foreach(Iterable.scala:926)
	at kafka.log.LogSegments.close(LogSegments.scala:77)
	at kafka.log.LocalLog.$anonfun$close$2(LocalLog.scala:223)
	at kafka.log.LocalLog.close(LocalLog.scala:786)
	at kafka.log.UnifiedLog.close(UnifiedLog.scala:681)
	at kafka.log.LogManager.$anonfun$shutdown$8(LogManager.scala:594)
	at java.base/java.util.concurrent.Executors$RunnableAdapter.call(Executors.java:515)
	at java.base/java.util.concurrent.FutureTask.run(FutureTask.java:264)
	at java.base/java.util.concurrent.ThreadPoolExecutor.runWorker(ThreadPoolExecutor.java:1128)
	at java.base/java.util.concurrent.ThreadPoolExecutor$Worker.run(ThreadPoolExecutor.java:628)
	at java.base/java.lang.Thread.run(Thread.java:829)
[2022-12-05 09:54:15,814] INFO [ProducerStateManager partition=quickstart-events-0] Wrote producer snapshot at offset 5 with 2 producer ids in 4 ms. (kafka.log.ProducerStateManager)
[2022-12-05 09:54:15,825] WARN Invalid argument (kafka.utils.CoreUtils$)
java.io.IOException: Invalid argument
	at java.base/java.io.RandomAccessFile.setLength(Native Method)
	at kafka.log.AbstractIndex.$anonfun$resize$1(AbstractIndex.scala:189)
	at kafka.log.AbstractIndex.resize(AbstractIndex.scala:175)
	at kafka.log.AbstractIndex.$anonfun$trimToValidSize$1(AbstractIndex.scala:241)
	at kafka.log.AbstractIndex.trimToValidSize(AbstractIndex.scala:241)
	at kafka.log.AbstractIndex.close(AbstractIndex.scala:252)
	at kafka.log.LazyIndex$IndexValue.close(LazyIndex.scala:159)
	at kafka.log.LazyIndex.$anonfun$close$1(LazyIndex.scala:91)
	at kafka.log.LazyIndex.close(LazyIndex.scala:91)
	at kafka.log.LogSegment.$anonfun$close$2(LogSegment.scala:594)
	at kafka.utils.CoreUtils$.swallow(CoreUtils.scala:68)
	at kafka.log.LogSegment.close(LogSegment.scala:594)
	at kafka.log.LogSegments.$anonfun$close$1(LogSegments.scala:77)
	at kafka.log.LogSegments.$anonfun$close$1$adapted(LogSegments.scala:77)
	at scala.collection.IterableOnceOps.foreach(IterableOnce.scala:563)
	at scala.collection.IterableOnceOps.foreach$(IterableOnce.scala:561)
	at scala.collection.AbstractIterable.foreach(Iterable.scala:926)
	at kafka.log.LogSegments.close(LogSegments.scala:77)
	at kafka.log.LocalLog.$anonfun$close$2(LocalLog.scala:223)
	at kafka.log.LocalLog.close(LocalLog.scala:786)
	at kafka.log.UnifiedLog.close(UnifiedLog.scala:681)
	at kafka.log.LogManager.$anonfun$shutdown$8(LogManager.scala:594)
	at java.base/java.util.concurrent.Executors$RunnableAdapter.call(Executors.java:515)
	at java.base/java.util.concurrent.FutureTask.run(FutureTask.java:264)
	at java.base/java.util.concurrent.ThreadPoolExecutor.runWorker(ThreadPoolExecutor.java:1128)
	at java.base/java.util.concurrent.ThreadPoolExecutor$Worker.run(ThreadPoolExecutor.java:628)
	at java.base/java.lang.Thread.run(Thread.java:829)
[2022-12-05 09:54:15,835] WARN Invalid argument (kafka.utils.CoreUtils$)
java.io.IOException: Invalid argument
	at java.base/java.io.RandomAccessFile.setLength(Native Method)
	at kafka.log.AbstractIndex.$anonfun$resize$1(AbstractIndex.scala:189)
	at kafka.log.AbstractIndex.resize(AbstractIndex.scala:175)
	at kafka.log.TimeIndex.super$resize(TimeIndex.scala:191)
	at kafka.log.TimeIndex.$anonfun$resize$1(TimeIndex.scala:191)
	at kafka.log.TimeIndex.resize(TimeIndex.scala:191)
	at kafka.log.AbstractIndex.$anonfun$trimToValidSize$1(AbstractIndex.scala:241)
	at kafka.log.AbstractIndex.trimToValidSize(AbstractIndex.scala:241)
	at kafka.log.AbstractIndex.close(AbstractIndex.scala:252)
	at kafka.log.LazyIndex$IndexValue.close(LazyIndex.scala:159)
	at kafka.log.LazyIndex.$anonfun$close$1(LazyIndex.scala:91)
	at kafka.log.LazyIndex.close(LazyIndex.scala:91)
	at kafka.log.LogSegment.$anonfun$close$3(LogSegment.scala:595)
	at kafka.utils.CoreUtils$.swallow(CoreUtils.scala:68)
	at kafka.log.LogSegment.close(LogSegment.scala:595)
	at kafka.log.LogSegments.$anonfun$close$1(LogSegments.scala:77)
	at kafka.log.LogSegments.$anonfun$close$1$adapted(LogSegments.scala:77)
	at scala.collection.IterableOnceOps.foreach(IterableOnce.scala:563)
	at scala.collection.IterableOnceOps.foreach$(IterableOnce.scala:561)
	at scala.collection.AbstractIterable.foreach(Iterable.scala:926)
	at kafka.log.LogSegments.close(LogSegments.scala:77)
	at kafka.log.LocalLog.$anonfun$close$2(LocalLog.scala:223)
	at kafka.log.LocalLog.close(LocalLog.scala:786)
	at kafka.log.UnifiedLog.close(UnifiedLog.scala:681)
	at kafka.log.LogManager.$anonfun$shutdown$8(LogManager.scala:594)
	at java.base/java.util.concurrent.Executors$RunnableAdapter.call(Executors.java:515)
	at java.base/java.util.concurrent.FutureTask.run(FutureTask.java:264)
	at java.base/java.util.concurrent.ThreadPoolExecutor.runWorker(ThreadPoolExecutor.java:1128)
	at java.base/java.util.concurrent.ThreadPoolExecutor$Worker.run(ThreadPoolExecutor.java:628)
	at java.base/java.lang.Thread.run(Thread.java:829)
[2022-12-05 09:54:15,846] INFO [ProducerStateManager partition=lab8-0] Wrote producer snapshot at offset 13 with 3 producer ids in 4 ms. (kafka.log.ProducerStateManager)
[2022-12-05 09:54:15,858] WARN Invalid argument (kafka.utils.CoreUtils$)
java.io.IOException: Invalid argument
	at java.base/java.io.RandomAccessFile.setLength(Native Method)
	at kafka.log.AbstractIndex.$anonfun$resize$1(AbstractIndex.scala:189)
	at kafka.log.AbstractIndex.resize(AbstractIndex.scala:175)
	at kafka.log.AbstractIndex.$anonfun$trimToValidSize$1(AbstractIndex.scala:241)
	at kafka.log.AbstractIndex.trimToValidSize(AbstractIndex.scala:241)
	at kafka.log.AbstractIndex.close(AbstractIndex.scala:252)
	at kafka.log.LazyIndex$IndexValue.close(LazyIndex.scala:159)
	at kafka.log.LazyIndex.$anonfun$close$1(LazyIndex.scala:91)
	at kafka.log.LazyIndex.close(LazyIndex.scala:91)
	at kafka.log.LogSegment.$anonfun$close$2(LogSegment.scala:594)
	at kafka.utils.CoreUtils$.swallow(CoreUtils.scala:68)
	at kafka.log.LogSegment.close(LogSegment.scala:594)
	at kafka.log.LogSegments.$anonfun$close$1(LogSegments.scala:77)
	at kafka.log.LogSegments.$anonfun$close$1$adapted(LogSegments.scala:77)
	at scala.collection.IterableOnceOps.foreach(IterableOnce.scala:563)
	at scala.collection.IterableOnceOps.foreach$(IterableOnce.scala:561)
	at scala.collection.AbstractIterable.foreach(Iterable.scala:926)
	at kafka.log.LogSegments.close(LogSegments.scala:77)
	at kafka.log.LocalLog.$anonfun$close$2(LocalLog.scala:223)
	at kafka.log.LocalLog.close(LocalLog.scala:786)
	at kafka.log.UnifiedLog.close(UnifiedLog.scala:681)
	at kafka.log.LogManager.$anonfun$shutdown$8(LogManager.scala:594)
	at java.base/java.util.concurrent.Executors$RunnableAdapter.call(Executors.java:515)
	at java.base/java.util.concurrent.FutureTask.run(FutureTask.java:264)
	at java.base/java.util.concurrent.ThreadPoolExecutor.runWorker(ThreadPoolExecutor.java:1128)
	at java.base/java.util.concurrent.ThreadPoolExecutor$Worker.run(ThreadPoolExecutor.java:628)
	at java.base/java.lang.Thread.run(Thread.java:829)
[2022-12-05 09:54:15,870] WARN Invalid argument (kafka.utils.CoreUtils$)
java.io.IOException: Invalid argument
	at java.base/java.io.RandomAccessFile.setLength(Native Method)
	at kafka.log.AbstractIndex.$anonfun$resize$1(AbstractIndex.scala:189)
	at kafka.log.AbstractIndex.resize(AbstractIndex.scala:175)
	at kafka.log.TimeIndex.super$resize(TimeIndex.scala:191)
	at kafka.log.TimeIndex.$anonfun$resize$1(TimeIndex.scala:191)
	at kafka.log.TimeIndex.resize(TimeIndex.scala:191)
	at kafka.log.AbstractIndex.$anonfun$trimToValidSize$1(AbstractIndex.scala:241)
	at kafka.log.AbstractIndex.trimToValidSize(AbstractIndex.scala:241)
	at kafka.log.AbstractIndex.close(AbstractIndex.scala:252)
	at kafka.log.LazyIndex$IndexValue.close(LazyIndex.scala:159)
	at kafka.log.LazyIndex.$anonfun$close$1(LazyIndex.scala:91)
	at kafka.log.LazyIndex.close(LazyIndex.scala:91)
	at kafka.log.LogSegment.$anonfun$close$3(LogSegment.scala:595)
	at kafka.utils.CoreUtils$.swallow(CoreUtils.scala:68)
	at kafka.log.LogSegment.close(LogSegment.scala:595)
	at kafka.log.LogSegments.$anonfun$close$1(LogSegments.scala:77)
	at kafka.log.LogSegments.$anonfun$close$1$adapted(LogSegments.scala:77)
	at scala.collection.IterableOnceOps.foreach(IterableOnce.scala:563)
	at scala.collection.IterableOnceOps.foreach$(IterableOnce.scala:561)
	at scala.collection.AbstractIterable.foreach(Iterable.scala:926)
	at kafka.log.LogSegments.close(LogSegments.scala:77)
	at kafka.log.LocalLog.$anonfun$close$2(LocalLog.scala:223)
	at kafka.log.LocalLog.close(LocalLog.scala:786)
	at kafka.log.UnifiedLog.close(UnifiedLog.scala:681)
	at kafka.log.LogManager.$anonfun$shutdown$8(LogManager.scala:594)
	at java.base/java.util.concurrent.Executors$RunnableAdapter.call(Executors.java:515)
	at java.base/java.util.concurrent.FutureTask.run(FutureTask.java:264)
	at java.base/java.util.concurrent.ThreadPoolExecutor.runWorker(ThreadPoolExecutor.java:1128)
	at java.base/java.util.concurrent.ThreadPoolExecutor$Worker.run(ThreadPoolExecutor.java:628)
	at java.base/java.lang.Thread.run(Thread.java:829)
[2022-12-05 09:54:15,893] WARN Invalid argument (kafka.utils.CoreUtils$)
java.io.IOException: Invalid argument
	at java.base/java.io.RandomAccessFile.setLength(Native Method)
	at kafka.log.AbstractIndex.$anonfun$resize$1(AbstractIndex.scala:189)
	at kafka.log.AbstractIndex.resize(AbstractIndex.scala:175)
	at kafka.log.AbstractIndex.$anonfun$trimToValidSize$1(AbstractIndex.scala:241)
	at kafka.log.AbstractIndex.trimToValidSize(AbstractIndex.scala:241)
	at kafka.log.AbstractIndex.close(AbstractIndex.scala:252)
	at kafka.log.LazyIndex$IndexValue.close(LazyIndex.scala:159)
	at kafka.log.LazyIndex.$anonfun$close$1(LazyIndex.scala:91)
	at kafka.log.LazyIndex.close(LazyIndex.scala:91)
	at kafka.log.LogSegment.$anonfun$close$2(LogSegment.scala:594)
	at kafka.utils.CoreUtils$.swallow(CoreUtils.scala:68)
	at kafka.log.LogSegment.close(LogSegment.scala:594)
	at kafka.log.LogSegments.$anonfun$close$1(LogSegments.scala:77)
	at kafka.log.LogSegments.$anonfun$close$1$adapted(LogSegments.scala:77)
	at scala.collection.IterableOnceOps.foreach(IterableOnce.scala:563)
	at scala.collection.IterableOnceOps.foreach$(IterableOnce.scala:561)
	at scala.collection.AbstractIterable.foreach(Iterable.scala:926)
	at kafka.log.LogSegments.close(LogSegments.scala:77)
	at kafka.log.LocalLog.$anonfun$close$2(LocalLog.scala:223)
	at kafka.log.LocalLog.close(LocalLog.scala:786)
	at kafka.log.UnifiedLog.close(UnifiedLog.scala:681)
	at kafka.log.LogManager.$anonfun$shutdown$8(LogManager.scala:594)
	at java.base/java.util.concurrent.Executors$RunnableAdapter.call(Executors.java:515)
	at java.base/java.util.concurrent.FutureTask.run(FutureTask.java:264)
	at java.base/java.util.concurrent.ThreadPoolExecutor.runWorker(ThreadPoolExecutor.java:1128)
	at java.base/java.util.concurrent.ThreadPoolExecutor$Worker.run(ThreadPoolExecutor.java:628)
	at java.base/java.lang.Thread.run(Thread.java:829)
[2022-12-05 09:54:15,907] WARN Invalid argument (kafka.utils.CoreUtils$)
java.io.IOException: Invalid argument
	at java.base/java.io.RandomAccessFile.setLength(Native Method)
	at kafka.log.AbstractIndex.$anonfun$resize$1(AbstractIndex.scala:189)
	at kafka.log.AbstractIndex.resize(AbstractIndex.scala:175)
	at kafka.log.TimeIndex.super$resize(TimeIndex.scala:191)
	at kafka.log.TimeIndex.$anonfun$resize$1(TimeIndex.scala:191)
	at kafka.log.TimeIndex.resize(TimeIndex.scala:191)
	at kafka.log.AbstractIndex.$anonfun$trimToValidSize$1(AbstractIndex.scala:241)
	at kafka.log.AbstractIndex.trimToValidSize(AbstractIndex.scala:241)
	at kafka.log.AbstractIndex.close(AbstractIndex.scala:252)
	at kafka.log.LazyIndex$IndexValue.close(LazyIndex.scala:159)
	at kafka.log.LazyIndex.$anonfun$close$1(LazyIndex.scala:91)
	at kafka.log.LazyIndex.close(LazyIndex.scala:91)
	at kafka.log.LogSegment.$anonfun$close$3(LogSegment.scala:595)
	at kafka.utils.CoreUtils$.swallow(CoreUtils.scala:68)
	at kafka.log.LogSegment.close(LogSegment.scala:595)
	at kafka.log.LogSegments.$anonfun$close$1(LogSegments.scala:77)
	at kafka.log.LogSegments.$anonfun$close$1$adapted(LogSegments.scala:77)
	at scala.collection.IterableOnceOps.foreach(IterableOnce.scala:563)
	at scala.collection.IterableOnceOps.foreach$(IterableOnce.scala:561)
	at scala.collection.AbstractIterable.foreach(Iterable.scala:926)
	at kafka.log.LogSegments.close(LogSegments.scala:77)
	at kafka.log.LocalLog.$anonfun$close$2(LocalLog.scala:223)
	at kafka.log.LocalLog.close(LocalLog.scala:786)
	at kafka.log.UnifiedLog.close(UnifiedLog.scala:681)
	at kafka.log.LogManager.$anonfun$shutdown$8(LogManager.scala:594)
	at java.base/java.util.concurrent.Executors$RunnableAdapter.call(Executors.java:515)
	at java.base/java.util.concurrent.FutureTask.run(FutureTask.java:264)
	at java.base/java.util.concurrent.ThreadPoolExecutor.runWorker(ThreadPoolExecutor.java:1128)
	at java.base/java.util.concurrent.ThreadPoolExecutor$Worker.run(ThreadPoolExecutor.java:628)
	at java.base/java.lang.Thread.run(Thread.java:829)
[2022-12-05 09:54:15,923] WARN Invalid argument (kafka.utils.CoreUtils$)
java.io.IOException: Invalid argument
	at java.base/java.io.RandomAccessFile.setLength(Native Method)
	at kafka.log.AbstractIndex.$anonfun$resize$1(AbstractIndex.scala:189)
	at kafka.log.AbstractIndex.resize(AbstractIndex.scala:175)
	at kafka.log.AbstractIndex.$anonfun$trimToValidSize$1(AbstractIndex.scala:241)
	at kafka.log.AbstractIndex.trimToValidSize(AbstractIndex.scala:241)
	at kafka.log.AbstractIndex.close(AbstractIndex.scala:252)
	at kafka.log.LazyIndex$IndexValue.close(LazyIndex.scala:159)
	at kafka.log.LazyIndex.$anonfun$close$1(LazyIndex.scala:91)
	at kafka.log.LazyIndex.close(LazyIndex.scala:91)
	at kafka.log.LogSegment.$anonfun$close$2(LogSegment.scala:594)
	at kafka.utils.CoreUtils$.swallow(CoreUtils.scala:68)
	at kafka.log.LogSegment.close(LogSegment.scala:594)
	at kafka.log.LogSegments.$anonfun$close$1(LogSegments.scala:77)
	at kafka.log.LogSegments.$anonfun$close$1$adapted(LogSegments.scala:77)
	at scala.collection.IterableOnceOps.foreach(IterableOnce.scala:563)
	at scala.collection.IterableOnceOps.foreach$(IterableOnce.scala:561)
	at scala.collection.AbstractIterable.foreach(Iterable.scala:926)
	at kafka.log.LogSegments.close(LogSegments.scala:77)
	at kafka.log.LocalLog.$anonfun$close$2(LocalLog.scala:223)
	at kafka.log.LocalLog.close(LocalLog.scala:786)
	at kafka.log.UnifiedLog.close(UnifiedLog.scala:681)
	at kafka.log.LogManager.$anonfun$shutdown$8(LogManager.scala:594)
	at java.base/java.util.concurrent.Executors$RunnableAdapter.call(Executors.java:515)
	at java.base/java.util.concurrent.FutureTask.run(FutureTask.java:264)
	at java.base/java.util.concurrent.ThreadPoolExecutor.runWorker(ThreadPoolExecutor.java:1128)
	at java.base/java.util.concurrent.ThreadPoolExecutor$Worker.run(ThreadPoolExecutor.java:628)
	at java.base/java.lang.Thread.run(Thread.java:829)
[2022-12-05 09:54:15,934] WARN Invalid argument (kafka.utils.CoreUtils$)
java.io.IOException: Invalid argument
	at java.base/java.io.RandomAccessFile.setLength(Native Method)
	at kafka.log.AbstractIndex.$anonfun$resize$1(AbstractIndex.scala:189)
	at kafka.log.AbstractIndex.resize(AbstractIndex.scala:175)
	at kafka.log.TimeIndex.super$resize(TimeIndex.scala:191)
	at kafka.log.TimeIndex.$anonfun$resize$1(TimeIndex.scala:191)
	at kafka.log.TimeIndex.resize(TimeIndex.scala:191)
	at kafka.log.AbstractIndex.$anonfun$trimToValidSize$1(AbstractIndex.scala:241)
	at kafka.log.AbstractIndex.trimToValidSize(AbstractIndex.scala:241)
	at kafka.log.AbstractIndex.close(AbstractIndex.scala:252)
	at kafka.log.LazyIndex$IndexValue.close(LazyIndex.scala:159)
	at kafka.log.LazyIndex.$anonfun$close$1(LazyIndex.scala:91)
	at kafka.log.LazyIndex.close(LazyIndex.scala:91)
	at kafka.log.LogSegment.$anonfun$close$3(LogSegment.scala:595)
	at kafka.utils.CoreUtils$.swallow(CoreUtils.scala:68)
	at kafka.log.LogSegment.close(LogSegment.scala:595)
	at kafka.log.LogSegments.$anonfun$close$1(LogSegments.scala:77)
	at kafka.log.LogSegments.$anonfun$close$1$adapted(LogSegments.scala:77)
	at scala.collection.IterableOnceOps.foreach(IterableOnce.scala:563)
	at scala.collection.IterableOnceOps.foreach$(IterableOnce.scala:561)
	at scala.collection.AbstractIterable.foreach(Iterable.scala:926)
	at kafka.log.LogSegments.close(LogSegments.scala:77)
	at kafka.log.LocalLog.$anonfun$close$2(LocalLog.scala:223)
	at kafka.log.LocalLog.close(LocalLog.scala:786)
	at kafka.log.UnifiedLog.close(UnifiedLog.scala:681)
	at kafka.log.LogManager.$anonfun$shutdown$8(LogManager.scala:594)
	at java.base/java.util.concurrent.Executors$RunnableAdapter.call(Executors.java:515)
	at java.base/java.util.concurrent.FutureTask.run(FutureTask.java:264)
	at java.base/java.util.concurrent.ThreadPoolExecutor.runWorker(ThreadPoolExecutor.java:1128)
	at java.base/java.util.concurrent.ThreadPoolExecutor$Worker.run(ThreadPoolExecutor.java:628)
	at java.base/java.lang.Thread.run(Thread.java:829)
[2022-12-05 09:54:15,972] WARN Invalid argument (kafka.utils.CoreUtils$)
java.io.IOException: Invalid argument
	at java.base/java.io.RandomAccessFile.setLength(Native Method)
	at kafka.log.AbstractIndex.$anonfun$resize$1(AbstractIndex.scala:189)
	at kafka.log.AbstractIndex.resize(AbstractIndex.scala:175)
	at kafka.log.AbstractIndex.$anonfun$trimToValidSize$1(AbstractIndex.scala:241)
	at kafka.log.AbstractIndex.trimToValidSize(AbstractIndex.scala:241)
	at kafka.log.AbstractIndex.close(AbstractIndex.scala:252)
	at kafka.log.LazyIndex$IndexValue.close(LazyIndex.scala:159)
	at kafka.log.LazyIndex.$anonfun$close$1(LazyIndex.scala:91)
	at kafka.log.LazyIndex.close(LazyIndex.scala:91)
	at kafka.log.LogSegment.$anonfun$close$2(LogSegment.scala:594)
	at kafka.utils.CoreUtils$.swallow(CoreUtils.scala:68)
	at kafka.log.LogSegment.close(LogSegment.scala:594)
	at kafka.log.LogSegments.$anonfun$close$1(LogSegments.scala:77)
	at kafka.log.LogSegments.$anonfun$close$1$adapted(LogSegments.scala:77)
	at scala.collection.IterableOnceOps.foreach(IterableOnce.scala:563)
	at scala.collection.IterableOnceOps.foreach$(IterableOnce.scala:561)
	at scala.collection.AbstractIterable.foreach(Iterable.scala:926)
	at kafka.log.LogSegments.close(LogSegments.scala:77)
	at kafka.log.LocalLog.$anonfun$close$2(LocalLog.scala:223)
	at kafka.log.LocalLog.close(LocalLog.scala:786)
	at kafka.log.UnifiedLog.close(UnifiedLog.scala:681)
	at kafka.log.LogManager.$anonfun$shutdown$8(LogManager.scala:594)
	at java.base/java.util.concurrent.Executors$RunnableAdapter.call(Executors.java:515)
	at java.base/java.util.concurrent.FutureTask.run(FutureTask.java:264)
	at java.base/java.util.concurrent.ThreadPoolExecutor.runWorker(ThreadPoolExecutor.java:1128)
	at java.base/java.util.concurrent.ThreadPoolExecutor$Worker.run(ThreadPoolExecutor.java:628)
	at java.base/java.lang.Thread.run(Thread.java:829)
[2022-12-05 09:54:15,983] WARN Invalid argument (kafka.utils.CoreUtils$)
java.io.IOException: Invalid argument
	at java.base/java.io.RandomAccessFile.setLength(Native Method)
	at kafka.log.AbstractIndex.$anonfun$resize$1(AbstractIndex.scala:189)
	at kafka.log.AbstractIndex.resize(AbstractIndex.scala:175)
	at kafka.log.TimeIndex.super$resize(TimeIndex.scala:191)
	at kafka.log.TimeIndex.$anonfun$resize$1(TimeIndex.scala:191)
	at kafka.log.TimeIndex.resize(TimeIndex.scala:191)
	at kafka.log.AbstractIndex.$anonfun$trimToValidSize$1(AbstractIndex.scala:241)
	at kafka.log.AbstractIndex.trimToValidSize(AbstractIndex.scala:241)
	at kafka.log.AbstractIndex.close(AbstractIndex.scala:252)
	at kafka.log.LazyIndex$IndexValue.close(LazyIndex.scala:159)
	at kafka.log.LazyIndex.$anonfun$close$1(LazyIndex.scala:91)
	at kafka.log.LazyIndex.close(LazyIndex.scala:91)
	at kafka.log.LogSegment.$anonfun$close$3(LogSegment.scala:595)
	at kafka.utils.CoreUtils$.swallow(CoreUtils.scala:68)
	at kafka.log.LogSegment.close(LogSegment.scala:595)
	at kafka.log.LogSegments.$anonfun$close$1(LogSegments.scala:77)
	at kafka.log.LogSegments.$anonfun$close$1$adapted(LogSegments.scala:77)
	at scala.collection.IterableOnceOps.foreach(IterableOnce.scala:563)
	at scala.collection.IterableOnceOps.foreach$(IterableOnce.scala:561)
	at scala.collection.AbstractIterable.foreach(Iterable.scala:926)
	at kafka.log.LogSegments.close(LogSegments.scala:77)
	at kafka.log.LocalLog.$anonfun$close$2(LocalLog.scala:223)
	at kafka.log.LocalLog.close(LocalLog.scala:786)
	at kafka.log.UnifiedLog.close(UnifiedLog.scala:681)
	at kafka.log.LogManager.$anonfun$shutdown$8(LogManager.scala:594)
	at java.base/java.util.concurrent.Executors$RunnableAdapter.call(Executors.java:515)
	at java.base/java.util.concurrent.FutureTask.run(FutureTask.java:264)
	at java.base/java.util.concurrent.ThreadPoolExecutor.runWorker(ThreadPoolExecutor.java:1128)
	at java.base/java.util.concurrent.ThreadPoolExecutor$Worker.run(ThreadPoolExecutor.java:628)
	at java.base/java.lang.Thread.run(Thread.java:829)
[2022-12-05 09:54:16,017] INFO Shutdown complete. (kafka.log.LogManager)
[2022-12-05 09:54:16,022] INFO [feature-zk-node-event-process-thread]: Shutting down (kafka.server.FinalizedFeatureChangeListener$ChangeNotificationProcessorThread)
[2022-12-05 09:54:16,023] INFO [feature-zk-node-event-process-thread]: Shutdown completed (kafka.server.FinalizedFeatureChangeListener$ChangeNotificationProcessorThread)
[2022-12-05 09:54:16,023] INFO [feature-zk-node-event-process-thread]: Stopped (kafka.server.FinalizedFeatureChangeListener$ChangeNotificationProcessorThread)
[2022-12-05 09:54:16,024] INFO [ZooKeeperClient Kafka server] Closing. (kafka.zookeeper.ZooKeeperClient)
[2022-12-05 09:54:16,984] INFO Opening socket connection to server localhost/127.0.0.1:2181. (org.apache.zookeeper.ClientCnxn)
[2022-12-05 09:54:19,008] WARN An exception was thrown while closing send thread for session 0x1001343cc410006. (org.apache.zookeeper.ClientCnxn)
java.net.ConnectException: Connection refused
	at java.base/sun.nio.ch.SocketChannelImpl.checkConnect(Native Method)
	at java.base/sun.nio.ch.SocketChannelImpl.finishConnect(SocketChannelImpl.java:777)
	at org.apache.zookeeper.ClientCnxnSocketNIO.doTransport(ClientCnxnSocketNIO.java:344)
	at org.apache.zookeeper.ClientCnxn$SendThread.run(ClientCnxn.java:1290)
[2022-12-05 09:54:19,117] INFO EventThread shut down for session: 0x1001343cc410006 (org.apache.zookeeper.ClientCnxn)
[2022-12-05 09:54:19,117] INFO Session: 0x1001343cc410006 closed (org.apache.zookeeper.ZooKeeper)
[2022-12-05 09:54:19,119] INFO [ZooKeeperClient Kafka server] Closed. (kafka.zookeeper.ZooKeeperClient)
[2022-12-05 09:54:19,120] INFO [ThrottledChannelReaper-Fetch]: Shutting down (kafka.server.ClientQuotaManager$ThrottledChannelReaper)
[2022-12-05 09:54:19,123] INFO [ThrottledChannelReaper-Fetch]: Stopped (kafka.server.ClientQuotaManager$ThrottledChannelReaper)
[2022-12-05 09:54:19,123] INFO [ThrottledChannelReaper-Fetch]: Shutdown completed (kafka.server.ClientQuotaManager$ThrottledChannelReaper)
[2022-12-05 09:54:19,124] INFO [ThrottledChannelReaper-Produce]: Shutting down (kafka.server.ClientQuotaManager$ThrottledChannelReaper)
[2022-12-05 09:54:19,124] INFO [ThrottledChannelReaper-Produce]: Stopped (kafka.server.ClientQuotaManager$ThrottledChannelReaper)
[2022-12-05 09:54:19,124] INFO [ThrottledChannelReaper-Produce]: Shutdown completed (kafka.server.ClientQuotaManager$ThrottledChannelReaper)
[2022-12-05 09:54:19,125] INFO [ThrottledChannelReaper-Request]: Shutting down (kafka.server.ClientQuotaManager$ThrottledChannelReaper)
[2022-12-05 09:54:19,125] INFO [ThrottledChannelReaper-Request]: Stopped (kafka.server.ClientQuotaManager$ThrottledChannelReaper)
[2022-12-05 09:54:19,125] INFO [ThrottledChannelReaper-Request]: Shutdown completed (kafka.server.ClientQuotaManager$ThrottledChannelReaper)
[2022-12-05 09:54:19,125] INFO [ThrottledChannelReaper-ControllerMutation]: Shutting down (kafka.server.ClientQuotaManager$ThrottledChannelReaper)
[2022-12-05 09:54:19,126] INFO [ThrottledChannelReaper-ControllerMutation]: Stopped (kafka.server.ClientQuotaManager$ThrottledChannelReaper)
[2022-12-05 09:54:19,126] INFO [ThrottledChannelReaper-ControllerMutation]: Shutdown completed (kafka.server.ClientQuotaManager$ThrottledChannelReaper)
[2022-12-05 09:54:19,127] INFO [SocketServer listenerType=ZK_BROKER, nodeId=0] Shutting down socket server (kafka.network.SocketServer)
[2022-12-05 09:54:19,151] INFO [SocketServer listenerType=ZK_BROKER, nodeId=0] Shutdown completed (kafka.network.SocketServer)
[2022-12-05 09:54:19,152] INFO Metrics scheduler closed (org.apache.kafka.common.metrics.Metrics)
[2022-12-05 09:54:19,152] INFO Closing reporter org.apache.kafka.common.metrics.JmxReporter (org.apache.kafka.common.metrics.Metrics)
[2022-12-05 09:54:19,152] INFO Metrics reporters closed (org.apache.kafka.common.metrics.Metrics)
[2022-12-05 09:54:19,154] INFO Broker and topic stats closed (kafka.server.BrokerTopicStats)
[2022-12-05 09:54:19,155] INFO App info kafka.server for 0 unregistered (org.apache.kafka.common.utils.AppInfoParser)
[2022-12-05 09:54:19,155] INFO [KafkaServer id=0] shut down completed (kafka.server.KafkaServer)
